[2025-09-24T09:24:27.233+0000] {taskinstance.py:1157} INFO - Dependencies all met for dep_context=non-requeueable deps ti=<TaskInstance: sales_dag.staging_ops.update_staging_table scheduled__2025-09-23T00:00:00+00:00 [queued]>
[2025-09-24T09:24:27.248+0000] {taskinstance.py:1157} INFO - Dependencies all met for dep_context=requeueable deps ti=<TaskInstance: sales_dag.staging_ops.update_staging_table scheduled__2025-09-23T00:00:00+00:00 [queued]>
[2025-09-24T09:24:27.249+0000] {taskinstance.py:1359} INFO - Starting attempt 1 of 1
[2025-09-24T09:24:27.279+0000] {taskinstance.py:1380} INFO - Executing <Task(PythonOperator): staging_ops.update_staging_table> on 2025-09-23 00:00:00+00:00
[2025-09-24T09:24:27.292+0000] {standard_task_runner.py:57} INFO - Started process 190 to run task
[2025-09-24T09:24:27.297+0000] {standard_task_runner.py:84} INFO - Running: ['airflow', 'tasks', 'run', 'sales_dag', 'staging_ops.update_staging_table', 'scheduled__2025-09-23T00:00:00+00:00', '--job-id', '233', '--raw', '--subdir', 'DAGS_FOLDER/sales_dag.py', '--cfg-path', '/tmp/tmpg288k3an']
[2025-09-24T09:24:27.301+0000] {standard_task_runner.py:85} INFO - Job 233: Subtask staging_ops.update_staging_table
[2025-09-24T09:24:27.349+0000] {logging_mixin.py:151} WARNING - /home/airflow/.local/lib/python3.8/site-packages/airflow/settings.py:195 DeprecationWarning: The sql_alchemy_conn option in [core] has been moved to the sql_alchemy_conn option in [database] - the old setting has been used, but please update your config.
[2025-09-24T09:24:27.467+0000] {task_command.py:415} INFO - Running <TaskInstance: sales_dag.staging_ops.update_staging_table scheduled__2025-09-23T00:00:00+00:00 [running]> on host 3517d925e010
[2025-09-24T09:24:27.726+0000] {taskinstance.py:1660} INFO - Exporting env vars: AIRFLOW_CTX_DAG_OWNER='airflow' AIRFLOW_CTX_DAG_ID='sales_dag' AIRFLOW_CTX_TASK_ID='staging_ops.update_staging_table' AIRFLOW_CTX_EXECUTION_DATE='2025-09-23T00:00:00+00:00' AIRFLOW_CTX_TRY_NUMBER='1' AIRFLOW_CTX_DAG_RUN_ID='scheduled__2025-09-23T00:00:00+00:00'
[2025-09-24T09:24:27.727+0000] {sales_dag.py:158} INFO - Updating staging table has been started
[2025-09-24T09:24:27.768+0000] {base.py:73} INFO - Using connection ID '***_conn' for task execution.
[2025-09-24T09:24:27.795+0000] {sql.py:418} INFO - Running statement: 
    UPDATE sales.transactions_staging
    SET unique_row_id =md5(
        concat_ws('||',
            upper(trim(coalesce(InvoiceNo::text,''))),
            upper(trim(coalesce(StockCode::text,''))),
            upper(trim(coalesce(Description::text,''))),
            Quantity::text,
            to_char(InvoiceDate::timestamp, 'YYYY-MM-DD"T"HH24:MI:SS'),
            to_char(round(UnitPrice::numeric, 2), 'FM999999990.00'),
            coalesce(CustomerID::text,''),
            upper(trim(coalesce(Country::text,'')))
        )
    );

    , parameters: None
[2025-09-24T09:24:27.807+0000] {sql.py:427} INFO - Rows affected: 0
[2025-09-24T09:24:27.844+0000] {base.py:73} INFO - Using connection ID '***_conn' for task execution.
[2025-09-24T09:24:27.870+0000] {sql.py:418} INFO - Running statement: 
    DELETE FROM sales.transactions_staging a
    USING sales.transactions_staging b
    WHERE a.ctid < b.ctid
    AND a.unique_row_id = b.unique_row_id;
    , parameters: None
[2025-09-24T09:24:27.875+0000] {sql.py:427} INFO - Rows affected: 0
[2025-09-24T09:24:27.876+0000] {sales_dag.py:187} INFO - Updating data in staging table is done
[2025-09-24T09:24:27.876+0000] {python.py:194} INFO - Done. Returned value was: None
[2025-09-24T09:24:27.910+0000] {taskinstance.py:1398} INFO - Marking task as SUCCESS. dag_id=sales_dag, task_id=staging_ops.update_staging_table, execution_date=20250923T000000, start_date=20250924T092427, end_date=20250924T092427
[2025-09-24T09:24:27.954+0000] {local_task_job_runner.py:228} INFO - Task exited with return code 0
[2025-09-24T09:24:28.004+0000] {taskinstance.py:2776} INFO - 1 downstream tasks scheduled from follow-on schedule check
