[2025-09-24T09:24:15.890+0000] {taskinstance.py:1157} INFO - Dependencies all met for dep_context=non-requeueable deps ti=<TaskInstance: sales_dag.extraction_and_cleaning.extract_data scheduled__2025-09-23T00:00:00+00:00 [queued]>
[2025-09-24T09:24:15.929+0000] {taskinstance.py:1157} INFO - Dependencies all met for dep_context=requeueable deps ti=<TaskInstance: sales_dag.extraction_and_cleaning.extract_data scheduled__2025-09-23T00:00:00+00:00 [queued]>
[2025-09-24T09:24:15.930+0000] {taskinstance.py:1359} INFO - Starting attempt 1 of 1
[2025-09-24T09:24:16.020+0000] {taskinstance.py:1380} INFO - Executing <Task(PythonOperator): extraction_and_cleaning.extract_data> on 2025-09-23 00:00:00+00:00
[2025-09-24T09:24:16.051+0000] {standard_task_runner.py:57} INFO - Started process 178 to run task
[2025-09-24T09:24:16.060+0000] {standard_task_runner.py:84} INFO - Running: ['airflow', 'tasks', 'run', 'sales_dag', 'extraction_and_cleaning.extract_data', 'scheduled__2025-09-23T00:00:00+00:00', '--job-id', '229', '--raw', '--subdir', 'DAGS_FOLDER/sales_dag.py', '--cfg-path', '/tmp/tmpvj8komnd']
[2025-09-24T09:24:16.073+0000] {standard_task_runner.py:85} INFO - Job 229: Subtask extraction_and_cleaning.extract_data
[2025-09-24T09:24:16.239+0000] {logging_mixin.py:151} WARNING - /home/airflow/.local/lib/python3.8/site-packages/airflow/settings.py:195 DeprecationWarning: The sql_alchemy_conn option in [core] has been moved to the sql_alchemy_conn option in [database] - the old setting has been used, but please update your config.
[2025-09-24T09:24:16.533+0000] {task_command.py:415} INFO - Running <TaskInstance: sales_dag.extraction_and_cleaning.extract_data scheduled__2025-09-23T00:00:00+00:00 [running]> on host 3517d925e010
[2025-09-24T09:24:17.085+0000] {taskinstance.py:1660} INFO - Exporting env vars: AIRFLOW_CTX_DAG_OWNER='airflow' AIRFLOW_CTX_DAG_ID='sales_dag' AIRFLOW_CTX_TASK_ID='extraction_and_cleaning.extract_data' AIRFLOW_CTX_EXECUTION_DATE='2025-09-23T00:00:00+00:00' AIRFLOW_CTX_TRY_NUMBER='1' AIRFLOW_CTX_DAG_RUN_ID='scheduled__2025-09-23T00:00:00+00:00'
[2025-09-24T09:24:17.088+0000] {sales_dag.py:15} INFO - Extracting file has been started
[2025-09-24T09:24:17.106+0000] {sales_dag.py:17} INFO - File already exists
[2025-09-24T09:24:17.110+0000] {sales_dag.py:26} INFO - Reading file started
[2025-09-24T09:24:17.163+0000] {sales_dag.py:29} INFO - Files in the zipfile : ['Online Retail.xlsx']
[2025-09-24T09:24:17.166+0000] {sales_dag.py:35} INFO - File already processed to CSV
[2025-09-24T09:24:17.167+0000] {sales_dag.py:47} INFO - All files extracted well
[2025-09-24T09:24:17.266+0000] {python.py:194} INFO - Done. Returned value was: /opt/airflow/data/sales_data_Online Retail.csv
[2025-09-24T09:24:17.420+0000] {taskinstance.py:1398} INFO - Marking task as SUCCESS. dag_id=sales_dag, task_id=extraction_and_cleaning.extract_data, execution_date=20250923T000000, start_date=20250924T092415, end_date=20250924T092417
[2025-09-24T09:24:17.492+0000] {local_task_job_runner.py:228} INFO - Task exited with return code 0
[2025-09-24T09:24:17.596+0000] {taskinstance.py:2776} INFO - 1 downstream tasks scheduled from follow-on schedule check
